Determining if the function glXGetProcAddress exists failed with the following output:
Change Dir: /cygdrive/c/Users/daniel/workspace/cgra350/cgra-350-assignment-3/work/cmake-build-debug/CMakeFiles/CMakeTmp

Run Build Command:"/usr/bin/make.exe" "cmTC_d0ea8/fast"
/usr/bin/make -f CMakeFiles/cmTC_d0ea8.dir/build.make CMakeFiles/cmTC_d0ea8.dir/build
make[1]: Entering directory '/cygdrive/c/Users/daniel/workspace/cgra350/cgra-350-assignment-3/work/cmake-build-debug/CMakeFiles/CMakeTmp'
Building C object CMakeFiles/cmTC_d0ea8.dir/CheckFunctionExists.c.o
/usr/bin/cc   -w -DCHECK_FUNCTION_EXISTS=glXGetProcAddress   -o CMakeFiles/cmTC_d0ea8.dir/CheckFunctionExists.c.o   -c /cygdrive/c/Users/daniel/.CLion2018.2/system/cygwin_cmake/share/cmake-3.12.2/Modules/CheckFunctionExists.c
Linking C executable cmTC_d0ea8.exe
/cygdrive/c/Users/daniel/.CLion2018.2/system/cygwin_cmake/bin/cmake.exe -E cmake_link_script CMakeFiles/cmTC_d0ea8.dir/link.txt --verbose=1
/usr/bin/cc  -w -DCHECK_FUNCTION_EXISTS=glXGetProcAddress  -Wl,--enable-auto-import  CMakeFiles/cmTC_d0ea8.dir/CheckFunctionExists.c.o  -o cmTC_d0ea8.exe -Wl,--out-implib,libcmTC_d0ea8.dll.a -Wl,--major-image-version,0,--minor-image-version,0 /usr/lib/w32api/libopengl32.a 
CMakeFiles/cmTC_d0ea8.dir/CheckFunctionExists.c.o:CheckFunctionExists.c:(.text+0x15): undefined reference to `glXGetProcAddress'
CMakeFiles/cmTC_d0ea8.dir/CheckFunctionExists.c.o:CheckFunctionExists.c:(.text+0x15): relocation truncated to fit: R_X86_64_PC32 against undefined symbol `glXGetProcAddress'
collect2: error: ld returned 1 exit status
make[1]: *** [CMakeFiles/cmTC_d0ea8.dir/build.make:88: cmTC_d0ea8.exe] Error 1
make[1]: Leaving directory '/cygdrive/c/Users/daniel/workspace/cgra350/cgra-350-assignment-3/work/cmake-build-debug/CMakeFiles/CMakeTmp'
make: *** [Makefile:121: cmTC_d0ea8/fast] Error 2


Determining if the function glXGetProcAddressARB exists failed with the following output:
Change Dir: /cygdrive/c/Users/daniel/workspace/cgra350/cgra-350-assignment-3/work/cmake-build-debug/CMakeFiles/CMakeTmp

Run Build Command:"/usr/bin/make.exe" "cmTC_2e754/fast"
/usr/bin/make -f CMakeFiles/cmTC_2e754.dir/build.make CMakeFiles/cmTC_2e754.dir/build
make[1]: Entering directory '/cygdrive/c/Users/daniel/workspace/cgra350/cgra-350-assignment-3/work/cmake-build-debug/CMakeFiles/CMakeTmp'
Building C object CMakeFiles/cmTC_2e754.dir/CheckFunctionExists.c.o
/usr/bin/cc   -w -DCHECK_FUNCTION_EXISTS=glXGetProcAddressARB   -o CMakeFiles/cmTC_2e754.dir/CheckFunctionExists.c.o   -c /cygdrive/c/Users/daniel/.CLion2018.2/system/cygwin_cmake/share/cmake-3.12.2/Modules/CheckFunctionExists.c
Linking C executable cmTC_2e754.exe
/cygdrive/c/Users/daniel/.CLion2018.2/system/cygwin_cmake/bin/cmake.exe -E cmake_link_script CMakeFiles/cmTC_2e754.dir/link.txt --verbose=1
/usr/bin/cc  -w -DCHECK_FUNCTION_EXISTS=glXGetProcAddressARB  -Wl,--enable-auto-import  CMakeFiles/cmTC_2e754.dir/CheckFunctionExists.c.o  -o cmTC_2e754.exe -Wl,--out-implib,libcmTC_2e754.dll.a -Wl,--major-image-version,0,--minor-image-version,0 /usr/lib/w32api/libopengl32.a 
CMakeFiles/cmTC_2e754.dir/CheckFunctionExists.c.o:CheckFunctionExists.c:(.text+0x15): undefined reference to `glXGetProcAddressARB'
CMakeFiles/cmTC_2e754.dir/CheckFunctionExists.c.o:CheckFunctionExists.c:(.text+0x15): relocation truncated to fit: R_X86_64_PC32 against undefined symbol `glXGetProcAddressARB'
collect2: error: ld returned 1 exit status
make[1]: *** [CMakeFiles/cmTC_2e754.dir/build.make:88: cmTC_2e754.exe] Error 1
make[1]: Leaving directory '/cygdrive/c/Users/daniel/workspace/cgra350/cgra-350-assignment-3/work/cmake-build-debug/CMakeFiles/CMakeTmp'
make: *** [Makefile:121: cmTC_2e754/fast] Error 2


Determining if the function glXGetProcAddressEXT exists failed with the following output:
Change Dir: /cygdrive/c/Users/daniel/workspace/cgra350/cgra-350-assignment-3/work/cmake-build-debug/CMakeFiles/CMakeTmp

Run Build Command:"/usr/bin/make.exe" "cmTC_17a23/fast"
/usr/bin/make -f CMakeFiles/cmTC_17a23.dir/build.make CMakeFiles/cmTC_17a23.dir/build
make[1]: Entering directory '/cygdrive/c/Users/daniel/workspace/cgra350/cgra-350-assignment-3/work/cmake-build-debug/CMakeFiles/CMakeTmp'
Building C object CMakeFiles/cmTC_17a23.dir/CheckFunctionExists.c.o
/usr/bin/cc   -w -DCHECK_FUNCTION_EXISTS=glXGetProcAddressEXT   -o CMakeFiles/cmTC_17a23.dir/CheckFunctionExists.c.o   -c /cygdrive/c/Users/daniel/.CLion2018.2/system/cygwin_cmake/share/cmake-3.12.2/Modules/CheckFunctionExists.c
Linking C executable cmTC_17a23.exe
/cygdrive/c/Users/daniel/.CLion2018.2/system/cygwin_cmake/bin/cmake.exe -E cmake_link_script CMakeFiles/cmTC_17a23.dir/link.txt --verbose=1
/usr/bin/cc  -w -DCHECK_FUNCTION_EXISTS=glXGetProcAddressEXT  -Wl,--enable-auto-import  CMakeFiles/cmTC_17a23.dir/CheckFunctionExists.c.o  -o cmTC_17a23.exe -Wl,--out-implib,libcmTC_17a23.dll.a -Wl,--major-image-version,0,--minor-image-version,0 /usr/lib/w32api/libopengl32.a 
CMakeFiles/cmTC_17a23.dir/CheckFunctionExists.c.o:CheckFunctionExists.c:(.text+0x15): undefined reference to `glXGetProcAddressEXT'
CMakeFiles/cmTC_17a23.dir/CheckFunctionExists.c.o:CheckFunctionExists.c:(.text+0x15): relocation truncated to fit: R_X86_64_PC32 against undefined symbol `glXGetProcAddressEXT'
collect2: error: ld returned 1 exit status
make[1]: *** [CMakeFiles/cmTC_17a23.dir/build.make:88: cmTC_17a23.exe] Error 1
make[1]: Leaving directory '/cygdrive/c/Users/daniel/workspace/cgra350/cgra-350-assignment-3/work/cmake-build-debug/CMakeFiles/CMakeTmp'
make: *** [Makefile:121: cmTC_17a23/fast] Error 2


